[debug] [2025-05-13T17:13:07.000Z] ----------------------------------------------------------------------
[debug] [2025-05-13T17:13:07.002Z] Command:       C:\Program Files\nodejs\node.exe C:\Users\Deborah\AppData\Roaming\npm\node_modules\firebase-tools\lib\bin\firebase.js init
[debug] [2025-05-13T17:13:07.003Z] CLI Version:   14.3.1
[debug] [2025-05-13T17:13:07.003Z] Platform:      win32
[debug] [2025-05-13T17:13:07.003Z] Node Version:  v20.16.0
[debug] [2025-05-13T17:13:07.003Z] Time:          Tue May 13 2025 18:13:07 GMT+0100 (British Summer Time)
[debug] [2025-05-13T17:13:07.003Z] ----------------------------------------------------------------------
[debug] 
[debug] [2025-05-13T17:13:07.008Z] > command requires scopes: ["email","openid","https://www.googleapis.com/auth/cloudplatformprojects.readonly","https://www.googleapis.com/auth/firebase","https://www.googleapis.com/auth/cloud-platform"]
[debug] [2025-05-13T17:13:07.008Z] > authorizing via signed-in user (joboyebisi@gmail.com)
[info] 
     ######## #### ########  ######## ########     ###     ######  ########
     ##        ##  ##     ## ##       ##     ##  ##   ##  ##       ##
     ######    ##  ########  ######   ########  #########  ######  ######
     ##        ##  ##    ##  ##       ##     ## ##     ##       ## ##
     ##       #### ##     ## ######## ########  ##     ##  ######  ########

You're about to initialize a Firebase project in this directory:

  C:\Users\Deborah\Documents\Cursor Projects\ChatPyeFresh\chatpye

[info] 
=== Project Setup
[info] 
[info] First, let's associate this project directory with a Firebase project.
[info] You can create multiple project aliases by running firebase use --add, 
[info] but for now we'll just set up a default project.
[info] 
